app/build/intermediates/manifest_merge_blame_file/debug/manifest-merger-blame-debug-report.txt
1<?xml version="1.0" encoding="utf-8"?>
2<manifest xmlns:android="http://schemas.android.com/apk/res/android"
3    package="org.ygba.youthgobudget"
4    android:versionCode="1"
5    android:versionName="1.0" >
6
7    <uses-sdk
8        android:minSdkVersion="22"
8-->src/main/AndroidManifest.xml
9        android:targetSdkVersion="30" />
9-->src/main/AndroidManifest.xml
10
11    <uses-permission android:name="android.permission.INTERNET" />
11-->src/main/AndroidManifest.xml:5:5-67
11-->src/main/AndroidManifest.xml:5:22-64
12    <uses-permission android:name="android.permission.WAKE_LOCK" />
12-->[androidx.work:work-runtime:2.3.4] AndroidManifest.xml:25:5-68
12-->[androidx.work:work-runtime:2.3.4] AndroidManifest.xml:25:22-65
13    <uses-permission android:name="android.permission.ACCESS_NETWORK_STATE" />
13-->[androidx.work:work-runtime:2.3.4] AndroidManifest.xml:26:5-79
13-->[androidx.work:work-runtime:2.3.4] AndroidManifest.xml:26:22-76
14    <uses-permission android:name="android.permission.RECEIVE_BOOT_COMPLETED" />
14-->[androidx.work:work-runtime:2.3.4] AndroidManifest.xml:27:5-81
14-->[androidx.work:work-runtime:2.3.4] AndroidManifest.xml:27:22-78
15    <uses-permission android:name="android.permission.FOREGROUND_SERVICE" />
15-->[androidx.work:work-runtime:2.3.4] AndroidManifest.xml:28:5-77
15-->[androidx.work:work-runtime:2.3.4] AndroidManifest.xml:28:22-74
16
17    <application
17-->src/main/AndroidManifest.xml:7:5-92:19
18        android:allowBackup="true"
18-->src/main/AndroidManifest.xml:8:9-35
19        android:appComponentFactory="androidx.core.app.CoreComponentFactory"
19-->[androidx.core:core:1.3.0] AndroidManifest.xml:24:18-86
20        android:debuggable="true"
21        android:icon="@mipmap/ic_launcher"
21-->src/main/AndroidManifest.xml:9:9-43
22        android:label="@string/app_name"
22-->src/main/AndroidManifest.xml:10:9-41
23        android:roundIcon="@mipmap/ic_launcher_round"
23-->src/main/AndroidManifest.xml:11:9-54
24        android:supportsRtl="true"
24-->src/main/AndroidManifest.xml:12:9-35
25        android:testOnly="true"
26        android:theme="@style/AppTheme" >
26-->src/main/AndroidManifest.xml:13:9-40
27        <activity
27-->src/main/AndroidManifest.xml:14:9-17:55
28            android:name="org.ygba.youthgobudget.dialogs.SuccessActivity"
28-->src/main/AndroidManifest.xml:17:13-52
29            android:label="Operation Successful"
29-->src/main/AndroidManifest.xml:16:13-49
30            android:theme="@android:style/Theme.DeviceDefault.Light.Dialog" />
30-->src/main/AndroidManifest.xml:15:13-76
31        <activity android:name="org.ygba.youthgobudget.sponsors.SplashScreenActivity" >
31-->src/main/AndroidManifest.xml:18:9-24:20
31-->src/main/AndroidManifest.xml:18:19-64
32            <intent-filter>
32-->src/main/AndroidManifest.xml:19:13-23:29
33                <action android:name="android.intent.action.MAIN" />
33-->src/main/AndroidManifest.xml:20:17-69
33-->src/main/AndroidManifest.xml:20:25-66
34
35                <category android:name="android.intent.category.LAUNCHER" />
35-->src/main/AndroidManifest.xml:22:17-77
35-->src/main/AndroidManifest.xml:22:27-74
36            </intent-filter>
37        </activity>
38        <activity
38-->src/main/AndroidManifest.xml:25:9-28:79
39            android:name="org.ygba.youthgobudget.dialogs.SubCountyPickerActivity"
39-->src/main/AndroidManifest.xml:26:13-60
40            android:label="Sub County Picker"
40-->src/main/AndroidManifest.xml:27:13-46
41            android:theme="@android:style/Theme.DeviceDefault.Light.Dialog" />
41-->src/main/AndroidManifest.xml:28:13-76
42        <activity
42-->src/main/AndroidManifest.xml:29:9-32:79
43            android:name="org.ygba.youthgobudget.dialogs.DistrictPickerActivity"
43-->src/main/AndroidManifest.xml:30:13-59
44            android:label="Pick District"
44-->src/main/AndroidManifest.xml:31:13-42
45            android:theme="@android:style/Theme.DeviceDefault.Light.Dialog" />
45-->src/main/AndroidManifest.xml:32:13-76
46
47        <uses-library
47-->src/main/AndroidManifest.xml:34:9-36:40
48            android:name="org.apache.http.legacy"
48-->src/main/AndroidManifest.xml:35:13-50
49            android:required="false" />
49-->src/main/AndroidManifest.xml:36:13-37
50
51        <activity android:name="org.ygba.youthgobudget.community_wishes.CommunityWishesActivity" />
51-->src/main/AndroidManifest.xml:38:9-78
51-->src/main/AndroidManifest.xml:38:19-75
52        <activity
52-->src/main/AndroidManifest.xml:39:9-41:58
53            android:name="org.ygba.youthgobudget.allocation.AllocationActivity"
53-->src/main/AndroidManifest.xml:40:13-58
54            android:parentActivityName="org.ygba.youthgobudget.MainActivity" />
54-->src/main/AndroidManifest.xml:41:13-55
55        <activity
55-->src/main/AndroidManifest.xml:42:9-44:58
56            android:name="org.ygba.youthgobudget.history.HistoryActivity"
56-->src/main/AndroidManifest.xml:43:13-52
57            android:parentActivityName="org.ygba.youthgobudget.MainActivity" />
57-->src/main/AndroidManifest.xml:44:13-55
58        <activity
58-->src/main/AndroidManifest.xml:45:9-47:58
59            android:name="org.ygba.youthgobudget.help.HelpActivity"
59-->src/main/AndroidManifest.xml:46:13-46
60            android:parentActivityName="org.ygba.youthgobudget.MainActivity" />
60-->src/main/AndroidManifest.xml:47:13-55
61        <activity
61-->src/main/AndroidManifest.xml:48:9-50:58
62            android:name="org.ygba.youthgobudget.polls.PollActivity"
62-->src/main/AndroidManifest.xml:49:13-47
63            android:parentActivityName="org.ygba.youthgobudget.MainActivity" />
63-->src/main/AndroidManifest.xml:50:13-55
64        <activity
64-->src/main/AndroidManifest.xml:51:9-53:58
65            android:name="org.ygba.youthgobudget.budget_cycle.BudgetCycleActivity"
65-->src/main/AndroidManifest.xml:52:13-61
66            android:parentActivityName="org.ygba.youthgobudget.MainActivity" />
66-->src/main/AndroidManifest.xml:53:13-55
67        <activity
67-->src/main/AndroidManifest.xml:54:9-56:58
68            android:name="org.ygba.youthgobudget.local_government.LocalGovernmentActivity"
68-->src/main/AndroidManifest.xml:55:13-69
69            android:parentActivityName="org.ygba.youthgobudget.MainActivity" />
69-->src/main/AndroidManifest.xml:56:13-55
70        <activity
70-->src/main/AndroidManifest.xml:57:9-60:58
71            android:name="org.ygba.youthgobudget.budget_information.BudgetInformationActivity"
71-->src/main/AndroidManifest.xml:58:13-73
72            android:label="Budget Information"
72-->src/main/AndroidManifest.xml:59:13-47
73            android:parentActivityName="org.ygba.youthgobudget.MainActivity" />
73-->src/main/AndroidManifest.xml:60:13-55
74        <activity
74-->src/main/AndroidManifest.xml:61:9-63:58
75            android:name="org.ygba.youthgobudget.water_and_environment.WaterEnvironmentActivity"
75-->src/main/AndroidManifest.xml:62:13-75
76            android:parentActivityName="org.ygba.youthgobudget.MainActivity" />
76-->src/main/AndroidManifest.xml:63:13-55
77        <activity android:name="org.ygba.youthgobudget.social_development.SocialDevelopmentListActivity" />
77-->src/main/AndroidManifest.xml:64:9-86
77-->src/main/AndroidManifest.xml:64:19-83
78        <activity
78-->src/main/AndroidManifest.xml:65:9-68:79
79            android:name="org.ygba.youthgobudget.dialogs.DatePickerActivity"
79-->src/main/AndroidManifest.xml:66:13-55
80            android:label="Pick Date"
80-->src/main/AndroidManifest.xml:67:13-38
81            android:theme="@android:style/Theme.DeviceDefault.Light.Dialog" />
81-->src/main/AndroidManifest.xml:68:13-76
82        <activity
82-->src/main/AndroidManifest.xml:69:9-71:58
83            android:name="org.ygba.youthgobudget.social_development.SocialDevelopmentActivity"
83-->src/main/AndroidManifest.xml:70:13-73
84            android:parentActivityName="org.ygba.youthgobudget.MainActivity" />
84-->src/main/AndroidManifest.xml:71:13-55
85        <activity
85-->src/main/AndroidManifest.xml:72:9-75:58
86            android:name="org.ygba.youthgobudget.education.EducationActivity"
86-->src/main/AndroidManifest.xml:73:13-56
87            android:exported="true"
87-->src/main/AndroidManifest.xml:74:13-36
88            android:parentActivityName="org.ygba.youthgobudget.MainActivity" />
88-->src/main/AndroidManifest.xml:75:13-55
89        <activity
89-->src/main/AndroidManifest.xml:76:9-78:58
90            android:name="org.ygba.youthgobudget.health.HealthActivity"
90-->src/main/AndroidManifest.xml:77:13-50
91            android:parentActivityName="org.ygba.youthgobudget.MainActivity" />
91-->src/main/AndroidManifest.xml:78:13-55
92        <activity
92-->src/main/AndroidManifest.xml:79:9-81:58
93            android:name="org.ygba.youthgobudget.agriculture.AgricultureActivity"
93-->src/main/AndroidManifest.xml:80:13-60
94            android:parentActivityName="org.ygba.youthgobudget.MainActivity" />
94-->src/main/AndroidManifest.xml:81:13-55
95        <activity
95-->src/main/AndroidManifest.xml:82:9-91:20
96            android:name="org.ygba.youthgobudget.MainActivity"
96-->src/main/AndroidManifest.xml:83:13-41
97            android:label="@string/app_name"
97-->src/main/AndroidManifest.xml:84:13-45
98            android:theme="@style/AppTheme.NoActionBar" >
98-->src/main/AndroidManifest.xml:85:13-56
99            <intent-filter>
99-->src/main/AndroidManifest.xml:19:13-23:29
100                <action android:name="android.intent.action.MAIN" />
100-->src/main/AndroidManifest.xml:20:17-69
100-->src/main/AndroidManifest.xml:20:25-66
101
102                <category android:name="android.intent.category.LAUNCHER" />
102-->src/main/AndroidManifest.xml:22:17-77
102-->src/main/AndroidManifest.xml:22:27-74
103            </intent-filter>
104        </activity>
105
106        <provider
106-->[androidx.work:work-runtime:2.3.4] AndroidManifest.xml:31:9-37:35
107            android:name="androidx.work.impl.WorkManagerInitializer"
107-->[androidx.work:work-runtime:2.3.4] AndroidManifest.xml:32:13-69
108            android:authorities="org.ygba.youthgobudget.workmanager-init"
108-->[androidx.work:work-runtime:2.3.4] AndroidManifest.xml:33:13-68
109            android:directBootAware="false"
109-->[androidx.work:work-runtime:2.3.4] AndroidManifest.xml:34:13-44
110            android:exported="false"
110-->[androidx.work:work-runtime:2.3.4] AndroidManifest.xml:35:13-37
111            android:multiprocess="true" />
111-->[androidx.work:work-runtime:2.3.4] AndroidManifest.xml:36:13-40
112
113        <service
113-->[androidx.work:work-runtime:2.3.4] AndroidManifest.xml:39:9-44:35
114            android:name="androidx.work.impl.background.systemalarm.SystemAlarmService"
114-->[androidx.work:work-runtime:2.3.4] AndroidManifest.xml:40:13-88
115            android:directBootAware="false"
115-->[androidx.work:work-runtime:2.3.4] AndroidManifest.xml:41:13-44
116            android:enabled="@bool/enable_system_alarm_service_default"
116-->[androidx.work:work-runtime:2.3.4] AndroidManifest.xml:42:13-72
117            android:exported="false" />
117-->[androidx.work:work-runtime:2.3.4] AndroidManifest.xml:43:13-37
118        <service
118-->[androidx.work:work-runtime:2.3.4] AndroidManifest.xml:45:9-51:35
119            android:name="androidx.work.impl.background.systemjob.SystemJobService"
119-->[androidx.work:work-runtime:2.3.4] AndroidManifest.xml:46:13-84
120            android:directBootAware="false"
120-->[androidx.work:work-runtime:2.3.4] AndroidManifest.xml:47:13-44
121            android:enabled="@bool/enable_system_job_service_default"
121-->[androidx.work:work-runtime:2.3.4] AndroidManifest.xml:48:13-70
122            android:exported="true"
122-->[androidx.work:work-runtime:2.3.4] AndroidManifest.xml:49:13-36
123            android:permission="android.permission.BIND_JOB_SERVICE" />
123-->[androidx.work:work-runtime:2.3.4] AndroidManifest.xml:50:13-69
124        <service
124-->[androidx.work:work-runtime:2.3.4] AndroidManifest.xml:52:9-57:35
125            android:name="androidx.work.impl.foreground.SystemForegroundService"
125-->[androidx.work:work-runtime:2.3.4] AndroidManifest.xml:53:13-81
126            android:directBootAware="false"
126-->[androidx.work:work-runtime:2.3.4] AndroidManifest.xml:54:13-44
127            android:enabled="@bool/enable_system_foreground_service_default"
127-->[androidx.work:work-runtime:2.3.4] AndroidManifest.xml:55:13-77
128            android:exported="false" />
128-->[androidx.work:work-runtime:2.3.4] AndroidManifest.xml:56:13-37
129
130        <receiver
130-->[androidx.work:work-runtime:2.3.4] AndroidManifest.xml:59:9-64:35
131            android:name="androidx.work.impl.utils.ForceStopRunnable$BroadcastReceiver"
131-->[androidx.work:work-runtime:2.3.4] AndroidManifest.xml:60:13-88
132            android:directBootAware="false"
132-->[androidx.work:work-runtime:2.3.4] AndroidManifest.xml:61:13-44
133            android:enabled="true"
133-->[androidx.work:work-runtime:2.3.4] AndroidManifest.xml:62:13-35
134            android:exported="false" />
134-->[androidx.work:work-runtime:2.3.4] AndroidManifest.xml:63:13-37
135        <receiver
135-->[androidx.work:work-runtime:2.3.4] AndroidManifest.xml:65:9-75:20
136            android:name="androidx.work.impl.background.systemalarm.ConstraintProxy$BatteryChargingProxy"
136-->[androidx.work:work-runtime:2.3.4] AndroidManifest.xml:66:13-106
137            android:directBootAware="false"
137-->[androidx.work:work-runtime:2.3.4] AndroidManifest.xml:67:13-44
138            android:enabled="false"
138-->[androidx.work:work-runtime:2.3.4] AndroidManifest.xml:68:13-36
139            android:exported="false" >
139-->[androidx.work:work-runtime:2.3.4] AndroidManifest.xml:69:13-37
140            <intent-filter>
140-->[androidx.work:work-runtime:2.3.4] AndroidManifest.xml:71:13-74:29
141                <action android:name="android.intent.action.ACTION_POWER_CONNECTED" />
141-->[androidx.work:work-runtime:2.3.4] AndroidManifest.xml:72:17-87
141-->[androidx.work:work-runtime:2.3.4] AndroidManifest.xml:72:25-84
142                <action android:name="android.intent.action.ACTION_POWER_DISCONNECTED" />
142-->[androidx.work:work-runtime:2.3.4] AndroidManifest.xml:73:17-90
142-->[androidx.work:work-runtime:2.3.4] AndroidManifest.xml:73:25-87
143            </intent-filter>
144        </receiver>
145        <receiver
145-->[androidx.work:work-runtime:2.3.4] AndroidManifest.xml:76:9-86:20
146            android:name="androidx.work.impl.background.systemalarm.ConstraintProxy$BatteryNotLowProxy"
146-->[androidx.work:work-runtime:2.3.4] AndroidManifest.xml:77:13-104
147            android:directBootAware="false"
147-->[androidx.work:work-runtime:2.3.4] AndroidManifest.xml:78:13-44
148            android:enabled="false"
148-->[androidx.work:work-runtime:2.3.4] AndroidManifest.xml:79:13-36
149            android:exported="false" >
149-->[androidx.work:work-runtime:2.3.4] AndroidManifest.xml:80:13-37
150            <intent-filter>
150-->[androidx.work:work-runtime:2.3.4] AndroidManifest.xml:82:13-85:29
151                <action android:name="android.intent.action.BATTERY_OKAY" />
151-->[androidx.work:work-runtime:2.3.4] AndroidManifest.xml:83:17-77
151-->[androidx.work:work-runtime:2.3.4] AndroidManifest.xml:83:25-74
152                <action android:name="android.intent.action.BATTERY_LOW" />
152-->[androidx.work:work-runtime:2.3.4] AndroidManifest.xml:84:17-76
152-->[androidx.work:work-runtime:2.3.4] AndroidManifest.xml:84:25-73
153            </intent-filter>
154        </receiver>
155        <receiver
155-->[androidx.work:work-runtime:2.3.4] AndroidManifest.xml:87:9-97:20
156            android:name="androidx.work.impl.background.systemalarm.ConstraintProxy$StorageNotLowProxy"
156-->[androidx.work:work-runtime:2.3.4] AndroidManifest.xml:88:13-104
157            android:directBootAware="false"
157-->[androidx.work:work-runtime:2.3.4] AndroidManifest.xml:89:13-44
158            android:enabled="false"
158-->[androidx.work:work-runtime:2.3.4] AndroidManifest.xml:90:13-36
159            android:exported="false" >
159-->[androidx.work:work-runtime:2.3.4] AndroidManifest.xml:91:13-37
160            <intent-filter>
160-->[androidx.work:work-runtime:2.3.4] AndroidManifest.xml:93:13-96:29
161                <action android:name="android.intent.action.DEVICE_STORAGE_LOW" />
161-->[androidx.work:work-runtime:2.3.4] AndroidManifest.xml:94:17-83
161-->[androidx.work:work-runtime:2.3.4] AndroidManifest.xml:94:25-80
162                <action android:name="android.intent.action.DEVICE_STORAGE_OK" />
162-->[androidx.work:work-runtime:2.3.4] AndroidManifest.xml:95:17-82
162-->[androidx.work:work-runtime:2.3.4] AndroidManifest.xml:95:25-79
163            </intent-filter>
164        </receiver>
165        <receiver
165-->[androidx.work:work-runtime:2.3.4] AndroidManifest.xml:98:9-107:20
166            android:name="androidx.work.impl.background.systemalarm.ConstraintProxy$NetworkStateProxy"
166-->[androidx.work:work-runtime:2.3.4] AndroidManifest.xml:99:13-103
167            android:directBootAware="false"
167-->[androidx.work:work-runtime:2.3.4] AndroidManifest.xml:100:13-44
168            android:enabled="false"
168-->[androidx.work:work-runtime:2.3.4] AndroidManifest.xml:101:13-36
169            android:exported="false" >
169-->[androidx.work:work-runtime:2.3.4] AndroidManifest.xml:102:13-37
170            <intent-filter>
170-->[androidx.work:work-runtime:2.3.4] AndroidManifest.xml:104:13-106:29
171                <action android:name="android.net.conn.CONNECTIVITY_CHANGE" />
171-->[androidx.work:work-runtime:2.3.4] AndroidManifest.xml:105:17-79
171-->[androidx.work:work-runtime:2.3.4] AndroidManifest.xml:105:25-76
172            </intent-filter>
173        </receiver>
174        <receiver
174-->[androidx.work:work-runtime:2.3.4] AndroidManifest.xml:108:9-119:20
175            android:name="androidx.work.impl.background.systemalarm.RescheduleReceiver"
175-->[androidx.work:work-runtime:2.3.4] AndroidManifest.xml:109:13-88
176            android:directBootAware="false"
176-->[androidx.work:work-runtime:2.3.4] AndroidManifest.xml:110:13-44
177            android:enabled="false"
177-->[androidx.work:work-runtime:2.3.4] AndroidManifest.xml:111:13-36
178            android:exported="false" >
178-->[androidx.work:work-runtime:2.3.4] AndroidManifest.xml:112:13-37
179            <intent-filter>
179-->[androidx.work:work-runtime:2.3.4] AndroidManifest.xml:114:13-118:29
180                <action android:name="android.intent.action.BOOT_COMPLETED" />
180-->[androidx.work:work-runtime:2.3.4] AndroidManifest.xml:115:17-79
180-->[androidx.work:work-runtime:2.3.4] AndroidManifest.xml:115:25-76
181                <action android:name="android.intent.action.TIME_SET" />
181-->[androidx.work:work-runtime:2.3.4] AndroidManifest.xml:116:17-73
181-->[androidx.work:work-runtime:2.3.4] AndroidManifest.xml:116:25-70
182                <action android:name="android.intent.action.TIMEZONE_CHANGED" />
182-->[androidx.work:work-runtime:2.3.4] AndroidManifest.xml:117:17-81
182-->[androidx.work:work-runtime:2.3.4] AndroidManifest.xml:117:25-78
183            </intent-filter>
184        </receiver>
185        <receiver
185-->[androidx.work:work-runtime:2.3.4] AndroidManifest.xml:120:9-129:20
186            android:name="androidx.work.impl.background.systemalarm.ConstraintProxyUpdateReceiver"
186-->[androidx.work:work-runtime:2.3.4] AndroidManifest.xml:121:13-99
187            android:directBootAware="false"
187-->[androidx.work:work-runtime:2.3.4] AndroidManifest.xml:122:13-44
188            android:enabled="@bool/enable_system_alarm_service_default"
188-->[androidx.work:work-runtime:2.3.4] AndroidManifest.xml:123:13-72
189            android:exported="false" >
189-->[androidx.work:work-runtime:2.3.4] AndroidManifest.xml:124:13-37
190            <intent-filter>
190-->[androidx.work:work-runtime:2.3.4] AndroidManifest.xml:126:13-128:29
191                <action android:name="androidx.work.impl.background.systemalarm.UpdateProxies" />
191-->[androidx.work:work-runtime:2.3.4] AndroidManifest.xml:127:17-98
191-->[androidx.work:work-runtime:2.3.4] AndroidManifest.xml:127:25-95
192            </intent-filter>
193        </receiver>
194
195        <service
195-->[androidx.room:room-runtime:2.2.5] AndroidManifest.xml:25:9-28:40
196            android:name="androidx.room.MultiInstanceInvalidationService"
196-->[androidx.room:room-runtime:2.2.5] AndroidManifest.xml:26:13-74
197            android:directBootAware="true"
197-->[androidx.room:room-runtime:2.2.5] AndroidManifest.xml:27:13-43
198            android:exported="false" />
198-->[androidx.room:room-runtime:2.2.5] AndroidManifest.xml:28:13-37
199
200        <provider
200-->[androidx.lifecycle:lifecycle-process:2.2.0] AndroidManifest.xml:25:9-29:43
201            android:name="androidx.lifecycle.ProcessLifecycleOwnerInitializer"
201-->[androidx.lifecycle:lifecycle-process:2.2.0] AndroidManifest.xml:26:13-79
202            android:authorities="org.ygba.youthgobudget.lifecycle-process"
202-->[androidx.lifecycle:lifecycle-process:2.2.0] AndroidManifest.xml:27:13-69
203            android:exported="false"
203-->[androidx.lifecycle:lifecycle-process:2.2.0] AndroidManifest.xml:28:13-37
204            android:multiprocess="true" />
204-->[androidx.lifecycle:lifecycle-process:2.2.0] AndroidManifest.xml:29:13-40
205    </application>
206
207</manifest>